Using pre-set license
Built from '2020.3/staging' branch; Version is '2020.3.4f1 (0abb6314276a) revision 703331'; Using compiler version '192528614'; Build Type 'Release'
OS: 'Windows 10 Pro; OS build 19043.1288; Version 2009; 64bit' Language: 'de' Physical Memory: 8051 MB
BatchMode: 1, IsHumanControllingUs: 0, StartBugReporterOnCrash: 0, Is64bit: 1, IsPro: 0

 COMMAND LINE ARGUMENTS:
C:\Program Files\Unity\Hub\Editor\2020.3.4f1\Editor\Unity.exe
-adb2
-batchMode
-noUpm
-name
AssetImportWorker0
-projectPath
C:/Users/aschw/OneDrive/Bilder/Dokumente/GitHub/PhysikMagnetfeldlinien/ElektrischeFeldlinien
-logFile
Logs/AssetImportWorker0.log
-srvPort
50405
Successfully changed project path to: C:/Users/aschw/OneDrive/Bilder/Dokumente/GitHub/PhysikMagnetfeldlinien/ElektrischeFeldlinien
C:/Users/aschw/OneDrive/Bilder/Dokumente/GitHub/PhysikMagnetfeldlinien/ElektrischeFeldlinien
Using Asset Import Pipeline V2.
Refreshing native plugins compatible for Editor in 27.42 ms, found 0 plugins.
Preloading 0 native plugins for Editor in 0.00 ms.
Initialize engine version: 2020.3.4f1 (0abb6314276a)
[Subsystems] Discovering subsystems at path C:/Program Files/Unity/Hub/Editor/2020.3.4f1/Editor/Data/Resources/UnitySubsystems
[Subsystems] Discovering subsystems at path C:/Users/aschw/OneDrive/Bilder/Dokumente/GitHub/PhysikMagnetfeldlinien/ElektrischeFeldlinien/Assets
GfxDevice: creating device client; threaded=0
Direct3D:
    Version:  Direct3D 11.0 [level 11.1]
    Renderer: Intel(R) UHD Graphics 620 (ID=0x5917)
    Vendor:   
    VRAM:     4025 MB
    Driver:   27.20.100.9749
Initialize mono
Mono path[0] = 'C:/Program Files/Unity/Hub/Editor/2020.3.4f1/Editor/Data/Managed'
Mono path[1] = 'C:/Program Files/Unity/Hub/Editor/2020.3.4f1/Editor/Data/MonoBleedingEdge/lib/mono/unityjit'
Mono config path = 'C:/Program Files/Unity/Hub/Editor/2020.3.4f1/Editor/Data/MonoBleedingEdge/etc'
Using monoOptions --debugger-agent=transport=dt_socket,embedding=1,server=y,suspend=n,address=127.0.0.1:56872
Begin MonoManager ReloadAssembly
Registering precompiled unity dll's ...
Register platform support module: C:/Program Files/Unity/Hub/Editor/2020.3.4f1/Editor/Data/PlaybackEngines/WebGLSupport/UnityEditor.WebGL.Extensions.dll
Register platform support module: C:/Program Files/Unity/Hub/Editor/2020.3.4f1/Editor/Data/PlaybackEngines/WindowsStandaloneSupport/UnityEditor.WindowsStandalone.Extensions.dll
Registered in 0.003372 seconds.
Native extension for WindowsStandalone target not found
Native extension for WebGL target not found
Refreshing native plugins compatible for Editor in 27.90 ms, found 0 plugins.
Preloading 0 native plugins for Editor in 0.00 ms.
Mono: successfully reloaded assembly
- Completed reload, in  1.793 seconds
Platform modules already initialized, skipping
Registering precompiled user dll's ...
Registered in 0.000960 seconds.
Begin MonoManager ReloadAssembly
Native extension for WindowsStandalone target not found
Native extension for WebGL target not found
Refreshing native plugins compatible for Editor in 0.23 ms, found 0 plugins.
Preloading 0 native plugins for Editor in 0.00 ms.
Mono: successfully reloaded assembly
- Completed reload, in  1.052 seconds
Platform modules already initialized, skipping
========================================================================
Worker process is ready to serve import requests
Launched and connected shader compiler UnityShaderCompiler.exe after 0.25 seconds
Refreshing native plugins compatible for Editor in 0.58 ms, found 0 plugins.
Preloading 0 native plugins for Editor in 0.00 ms.
Unloading 1127 Unused Serialized files (Serialized files now loaded: 0)
System memory in use before: 77.4 MB.
System memory in use after: 77.5 MB.

Unloading 9 unused Assets to reduce memory usage. Loaded Objects now: 1593.
Total: 9.872100 ms (FindLiveObjects: 0.429700 ms CreateObjectMapping: 0.133600 ms MarkObjects: 8.924500 ms  DeleteObjects: 0.378200 ms)

========================================================================
Received Prepare
Registering precompiled user dll's ...
Registered in 0.002948 seconds.
Begin MonoManager ReloadAssembly
Native extension for WindowsStandalone target not found
Native extension for WebGL target not found
Refreshing native plugins compatible for Editor in 0.23 ms, found 0 plugins.
Preloading 0 native plugins for Editor in 0.00 ms.
Mono: successfully reloaded assembly
- Completed reload, in  1.161 seconds
Platform modules already initialized, skipping
Refreshing native plugins compatible for Editor in 0.20 ms, found 0 plugins.
Preloading 0 native plugins for Editor in 0.00 ms.
Unloading 1122 Unused Serialized files (Serialized files now loaded: 0)
System memory in use before: 77.4 MB.
System memory in use after: 77.4 MB.

Unloading 5 unused Assets to reduce memory usage. Loaded Objects now: 1596.
Total: 1.960700 ms (FindLiveObjects: 0.160900 ms CreateObjectMapping: 0.033600 ms MarkObjects: 1.697900 ms  DeleteObjects: 0.067200 ms)

========================================================================
Received Import Request.
  path: Assets/Scripts/MoveParticle.cs
  artifactKey: Guid(e633a0ea2400c7f45a363806deec41ed) Importer(815301076,1909f56bfc062723c751e8b465ee728b)
Start importing Assets/Scripts/MoveParticle.cs using Guid(e633a0ea2400c7f45a363806deec41ed) Importer(815301076,1909f56bfc062723c751e8b465ee728b)  -> (artifact id: '0d002f47dbe4373a721c73e28907ca6d') in 0.061878 seconds
  Import took 0.065785 seconds .

========================================================================
Received Prepare
Registering precompiled user dll's ...
Registered in 0.000853 seconds.
Begin MonoManager ReloadAssembly
Native extension for WindowsStandalone target not found
Native extension for WebGL target not found
Refreshing native plugins compatible for Editor in 1.01 ms, found 0 plugins.
Preloading 0 native plugins for Editor in 0.00 ms.
Mono: successfully reloaded assembly
- Completed reload, in  2.585 seconds
Platform modules already initialized, skipping
Refreshing native plugins compatible for Editor in 0.65 ms, found 0 plugins.
Preloading 0 native plugins for Editor in 0.00 ms.
Unloading 1122 Unused Serialized files (Serialized files now loaded: 0)
System memory in use before: 77.4 MB.
System memory in use after: 77.5 MB.

Unloading 5 unused Assets to reduce memory usage. Loaded Objects now: 1599.
Total: 5.677300 ms (FindLiveObjects: 0.507700 ms CreateObjectMapping: 0.141100 ms MarkObjects: 4.832000 ms  DeleteObjects: 0.191600 ms)

========================================================================
Received Import Request.
  Time since last request: 75.316612 seconds.
  path: Assets/Scripts/MoveParticle.cs
  artifactKey: Guid(e633a0ea2400c7f45a363806deec41ed) Importer(815301076,1909f56bfc062723c751e8b465ee728b)
Start importing Assets/Scripts/MoveParticle.cs using Guid(e633a0ea2400c7f45a363806deec41ed) Importer(815301076,1909f56bfc062723c751e8b465ee728b)  -> (artifact id: '9685ab86455cfc5fbb4ed33bc3a46796') in 0.126122 seconds
  Import took 0.134069 seconds .

========================================================================
Received Prepare
Registering precompiled user dll's ...
Registered in 0.004901 seconds.
Begin MonoManager ReloadAssembly
Native extension for WindowsStandalone target not found
Native extension for WebGL target not found
Refreshing native plugins compatible for Editor in 0.61 ms, found 0 plugins.
Preloading 0 native plugins for Editor in 0.00 ms.
Mono: successfully reloaded assembly
- Completed reload, in 16.015 seconds
Platform modules already initialized, skipping
Refreshing native plugins compatible for Editor in 0.60 ms, found 0 plugins.
Preloading 0 native plugins for Editor in 0.00 ms.
Unloading 1122 Unused Serialized files (Serialized files now loaded: 0)
System memory in use before: 77.4 MB.
System memory in use after: 77.5 MB.

Unloading 5 unused Assets to reduce memory usage. Loaded Objects now: 1602.
Total: 6.101300 ms (FindLiveObjects: 0.435000 ms CreateObjectMapping: 0.158400 ms MarkObjects: 5.285200 ms  DeleteObjects: 0.219400 ms)

========================================================================
Received Prepare
Registering precompiled user dll's ...
Registered in 0.001293 seconds.
Begin MonoManager ReloadAssembly
Native extension for WindowsStandalone target not found
Native extension for WebGL target not found
Refreshing native plugins compatible for Editor in 0.24 ms, found 0 plugins.
Preloading 0 native plugins for Editor in 0.00 ms.
Mono: successfully reloaded assembly
- Completed reload, in  1.068 seconds
Platform modules already initialized, skipping
Refreshing native plugins compatible for Editor in 0.21 ms, found 0 plugins.
Preloading 0 native plugins for Editor in 0.00 ms.
Unloading 1122 Unused Serialized files (Serialized files now loaded: 0)
System memory in use before: 77.4 MB.
System memory in use after: 77.5 MB.

Unloading 5 unused Assets to reduce memory usage. Loaded Objects now: 1605.
Total: 2.396300 ms (FindLiveObjects: 0.192600 ms CreateObjectMapping: 0.040900 ms MarkObjects: 2.089800 ms  DeleteObjects: 0.071600 ms)

========================================================================
Received Prepare
Registering precompiled user dll's ...
Registered in 0.025122 seconds.
Begin MonoManager ReloadAssembly
Native extension for WindowsStandalone target not found
Native extension for WebGL target not found
Refreshing native plugins compatible for Editor in 0.33 ms, found 0 plugins.
Preloading 0 native plugins for Editor in 0.00 ms.
Mono: successfully reloaded assembly
- Completed reload, in  7.609 seconds
Platform modules already initialized, skipping
Refreshing native plugins compatible for Editor in 0.50 ms, found 0 plugins.
Preloading 0 native plugins for Editor in 0.00 ms.
Unloading 1122 Unused Serialized files (Serialized files now loaded: 0)
System memory in use before: 77.4 MB.
System memory in use after: 77.5 MB.

Unloading 5 unused Assets to reduce memory usage. Loaded Objects now: 1608.
Total: 2.110300 ms (FindLiveObjects: 0.206700 ms CreateObjectMapping: 0.054400 ms MarkObjects: 1.754700 ms  DeleteObjects: 0.092700 ms)

========================================================================
Received Prepare
Registering precompiled user dll's ...
Registered in 0.004467 seconds.
Begin MonoManager ReloadAssembly
Native extension for WindowsStandalone target not found
Native extension for WebGL target not found
Refreshing native plugins compatible for Editor in 0.80 ms, found 0 plugins.
Preloading 0 native plugins for Editor in 0.00 ms.
Mono: successfully reloaded assembly
- Completed reload, in  4.286 seconds
Platform modules already initialized, skipping
Refreshing native plugins compatible for Editor in 0.96 ms, found 0 plugins.
Preloading 0 native plugins for Editor in 0.00 ms.
Unloading 1122 Unused Serialized files (Serialized files now loaded: 0)
System memory in use before: 77.4 MB.
System memory in use after: 77.5 MB.

Unloading 5 unused Assets to reduce memory usage. Loaded Objects now: 1611.
Total: 5.729900 ms (FindLiveObjects: 0.369800 ms CreateObjectMapping: 0.227300 ms MarkObjects: 4.908200 ms  DeleteObjects: 0.219800 ms)

========================================================================
Received Prepare
Registering precompiled user dll's ...
Registered in 0.001197 seconds.
Begin MonoManager ReloadAssembly
Native extension for WindowsStandalone target not found
Native extension for WebGL target not found
Refreshing native plugins compatible for Editor in 0.21 ms, found 0 plugins.
Preloading 0 native plugins for Editor in 0.00 ms.
Mono: successfully reloaded assembly
- Completed reload, in  1.004 seconds
Platform modules already initialized, skipping
Refreshing native plugins compatible for Editor in 0.21 ms, found 0 plugins.
Preloading 0 native plugins for Editor in 0.00 ms.
Unloading 1122 Unused Serialized files (Serialized files now loaded: 0)
System memory in use before: 77.4 MB.
System memory in use after: 77.5 MB.

Unloading 5 unused Assets to reduce memory usage. Loaded Objects now: 1614.
Total: 1.805600 ms (FindLiveObjects: 0.229500 ms CreateObjectMapping: 0.046400 ms MarkObjects: 1.456600 ms  DeleteObjects: 0.071600 ms)

========================================================================
Received Prepare
Registering precompiled user dll's ...
Registered in 0.000830 seconds.
Begin MonoManager ReloadAssembly
Native extension for WindowsStandalone target not found
Native extension for WebGL target not found
Refreshing native plugins compatible for Editor in 0.54 ms, found 0 plugins.
Preloading 0 native plugins for Editor in 0.00 ms.
Mono: successfully reloaded assembly
- Completed reload, in  1.108 seconds
Platform modules already initialized, skipping
Refreshing native plugins compatible for Editor in 0.22 ms, found 0 plugins.
Preloading 0 native plugins for Editor in 0.00 ms.
Unloading 1122 Unused Serialized files (Serialized files now loaded: 0)
System memory in use before: 77.5 MB.
System memory in use after: 77.5 MB.

Unloading 5 unused Assets to reduce memory usage. Loaded Objects now: 1617.
Total: 3.907000 ms (FindLiveObjects: 0.544500 ms CreateObjectMapping: 0.204700 ms MarkObjects: 3.049600 ms  DeleteObjects: 0.106100 ms)

========================================================================
Received Import Request.
  Time since last request: 568.865334 seconds.
  path: Assets/Scripts/Data.cs
  artifactKey: Guid(c27018ebb8580184d8c6b26b49693ba0) Importer(815301076,1909f56bfc062723c751e8b465ee728b)
Start importing Assets/Scripts/Data.cs using Guid(c27018ebb8580184d8c6b26b49693ba0) Importer(815301076,1909f56bfc062723c751e8b465ee728b)  -> (artifact id: '7561d288bd813d26f05e7689161a8d9c') in 0.050417 seconds
  Import took 0.053718 seconds .

========================================================================
Received Import Request.
  Time since last request: 0.046836 seconds.
  path: Assets/Scripts/Data.cs
  artifactKey: Guid(c27018ebb8580184d8c6b26b49693ba0) Importer(815301076,1909f56bfc062723c751e8b465ee728b)
Start importing Assets/Scripts/Data.cs using Guid(c27018ebb8580184d8c6b26b49693ba0) Importer(815301076,1909f56bfc062723c751e8b465ee728b)  -> (artifact id: '7561d288bd813d26f05e7689161a8d9c') in 0.143691 seconds
  Import took 0.156958 seconds .

========================================================================
Received Prepare
Registering precompiled user dll's ...
Registered in 0.000836 seconds.
Begin MonoManager ReloadAssembly
Native extension for WindowsStandalone target not found
Native extension for WebGL target not found
Refreshing native plugins compatible for Editor in 0.24 ms, found 0 plugins.
Preloading 0 native plugins for Editor in 0.00 ms.
Mono: successfully reloaded assembly
- Completed reload, in  0.938 seconds
Platform modules already initialized, skipping
Refreshing native plugins compatible for Editor in 0.23 ms, found 0 plugins.
Preloading 0 native plugins for Editor in 0.00 ms.
Unloading 1122 Unused Serialized files (Serialized files now loaded: 0)
System memory in use before: 77.5 MB.
System memory in use after: 77.5 MB.

Unloading 5 unused Assets to reduce memory usage. Loaded Objects now: 1620.
Total: 2.340400 ms (FindLiveObjects: 0.171700 ms CreateObjectMapping: 0.047200 ms MarkObjects: 2.035700 ms  DeleteObjects: 0.084200 ms)

========================================================================
Received Import Request.
  Time since last request: 466.409637 seconds.
  path: Assets/Scripts/Data.cs
  artifactKey: Guid(c27018ebb8580184d8c6b26b49693ba0) Importer(815301076,1909f56bfc062723c751e8b465ee728b)
Start importing Assets/Scripts/Data.cs using Guid(c27018ebb8580184d8c6b26b49693ba0) Importer(815301076,1909f56bfc062723c751e8b465ee728b)  -> (artifact id: '2cb072dc3958ece26a11f3ae965363c8') in 0.028836 seconds
  Import took 0.031306 seconds .

========================================================================
Received Prepare
Registering precompiled user dll's ...
Registered in 0.000852 seconds.
Begin MonoManager ReloadAssembly
Native extension for WindowsStandalone target not found
Native extension for WebGL target not found
Refreshing native plugins compatible for Editor in 0.24 ms, found 0 plugins.
Preloading 0 native plugins for Editor in 0.00 ms.
Mono: successfully reloaded assembly
- Completed reload, in  1.076 seconds
Platform modules already initialized, skipping
Refreshing native plugins compatible for Editor in 0.30 ms, found 0 plugins.
Preloading 0 native plugins for Editor in 0.00 ms.
Unloading 1122 Unused Serialized files (Serialized files now loaded: 0)
System memory in use before: 77.5 MB.
System memory in use after: 77.5 MB.

Unloading 5 unused Assets to reduce memory usage. Loaded Objects now: 1623.
Total: 2.051700 ms (FindLiveObjects: 0.227600 ms CreateObjectMapping: 0.056700 ms MarkObjects: 1.676400 ms  DeleteObjects: 0.089200 ms)

========================================================================
Received Import Request.
  Time since last request: 406.581655 seconds.
  path: Assets/Scripts/CreateOtherLines.cs
  artifactKey: Guid(32438151c4ed2ac4fa3986726d86e5c4) Importer(815301076,1909f56bfc062723c751e8b465ee728b)
Start importing Assets/Scripts/CreateOtherLines.cs using Guid(32438151c4ed2ac4fa3986726d86e5c4) Importer(815301076,1909f56bfc062723c751e8b465ee728b)  -> (artifact id: '8e6d0042ca48e4ecb5fde38702499bee') in 0.040769 seconds
  Import took 0.042951 seconds .

========================================================================
Received Import Request.
  Time since last request: 0.000324 seconds.
  path: Assets/Scripts/FlyCamera.cs
  artifactKey: Guid(0510aa077af555f41be5a79b8d4d6370) Importer(815301076,1909f56bfc062723c751e8b465ee728b)
Start importing Assets/Scripts/FlyCamera.cs using Guid(0510aa077af555f41be5a79b8d4d6370) Importer(815301076,1909f56bfc062723c751e8b465ee728b)  -> (artifact id: '9d3d8535283a74cafaf451408c282369') in 0.033910 seconds
  Import took 0.037430 seconds .

========================================================================
Received Prepare
Registering precompiled user dll's ...
Registered in 0.000802 seconds.
Begin MonoManager ReloadAssembly
Native extension for WindowsStandalone target not found
Native extension for WebGL target not found
Refreshing native plugins compatible for Editor in 0.24 ms, found 0 plugins.
Preloading 0 native plugins for Editor in 0.00 ms.
Mono: successfully reloaded assembly
- Completed reload, in  1.040 seconds
Platform modules already initialized, skipping
Refreshing native plugins compatible for Editor in 0.22 ms, found 0 plugins.
Preloading 0 native plugins for Editor in 0.00 ms.
Unloading 1121 Unused Serialized files (Serialized files now loaded: 0)
System memory in use before: 77.5 MB.
System memory in use after: 77.5 MB.

Unloading 6 unused Assets to reduce memory usage. Loaded Objects now: 1625.
Total: 2.005300 ms (FindLiveObjects: 0.209000 ms CreateObjectMapping: 0.055500 ms MarkObjects: 1.658600 ms  DeleteObjects: 0.080700 ms)

========================================================================
Received Import Request.
  Time since last request: 32.658560 seconds.
  path: Assets/Scripts/ControllCreation.cs
  artifactKey: Guid(423cba212aee6864baa2d4ffe0b51075) Importer(815301076,1909f56bfc062723c751e8b465ee728b)
Start importing Assets/Scripts/ControllCreation.cs using Guid(423cba212aee6864baa2d4ffe0b51075) Importer(815301076,1909f56bfc062723c751e8b465ee728b)  -> (artifact id: '539c009c3af64f52559f3d0ec8751ec2') in 0.031253 seconds
  Import took 0.033653 seconds .

========================================================================
Received Import Request.
  Time since last request: 0.015057 seconds.
  path: Assets/Scripts/ControllCreation.cs
  artifactKey: Guid(423cba212aee6864baa2d4ffe0b51075) Importer(815301076,1909f56bfc062723c751e8b465ee728b)
Start importing Assets/Scripts/ControllCreation.cs using Guid(423cba212aee6864baa2d4ffe0b51075) Importer(815301076,1909f56bfc062723c751e8b465ee728b)  -> (artifact id: '539c009c3af64f52559f3d0ec8751ec2') in 0.028667 seconds
  Import took 0.030715 seconds .

========================================================================
Received Prepare
Registering precompiled user dll's ...
Registered in 0.000875 seconds.
Begin MonoManager ReloadAssembly
Native extension for WindowsStandalone target not found
Native extension for WebGL target not found
Refreshing native plugins compatible for Editor in 0.21 ms, found 0 plugins.
Preloading 0 native plugins for Editor in 0.00 ms.
Mono: successfully reloaded assembly
- Completed reload, in  0.987 seconds
Platform modules already initialized, skipping
Refreshing native plugins compatible for Editor in 0.33 ms, found 0 plugins.
Preloading 0 native plugins for Editor in 0.00 ms.
Unloading 1121 Unused Serialized files (Serialized files now loaded: 0)
System memory in use before: 77.5 MB.
System memory in use after: 77.5 MB.

Unloading 5 unused Assets to reduce memory usage. Loaded Objects now: 1628.
Total: 1.783000 ms (FindLiveObjects: 0.181800 ms CreateObjectMapping: 0.047300 ms MarkObjects: 1.472000 ms  DeleteObjects: 0.080300 ms)

========================================================================
Received Import Request.
  Time since last request: 380.441281 seconds.
  path: Assets/Scripts/ControllCreation.cs
  artifactKey: Guid(423cba212aee6864baa2d4ffe0b51075) Importer(815301076,1909f56bfc062723c751e8b465ee728b)
Start importing Assets/Scripts/ControllCreation.cs using Guid(423cba212aee6864baa2d4ffe0b51075) Importer(815301076,1909f56bfc062723c751e8b465ee728b)  -> (artifact id: 'ec7961848ec2098392f589b7ccfa2690') in 0.029957 seconds
  Import took 0.032649 seconds .

========================================================================
Received Import Request.
  Time since last request: 8.456631 seconds.
  path: Assets/Scripts/CreateNewObject.cs
  artifactKey: Guid(20bac4291524a704e9ed7b65413d8328) Importer(815301076,1909f56bfc062723c751e8b465ee728b)
Start importing Assets/Scripts/CreateNewObject.cs using Guid(20bac4291524a704e9ed7b65413d8328) Importer(815301076,1909f56bfc062723c751e8b465ee728b)  -> (artifact id: 'fe5181aba1073ad20a0ceb5b915d647b') in 0.037658 seconds
  Import took 0.040145 seconds .

========================================================================
Received Prepare
Registering precompiled user dll's ...
Registered in 0.000824 seconds.
Begin MonoManager ReloadAssembly
Native extension for WindowsStandalone target not found
Native extension for WebGL target not found
Refreshing native plugins compatible for Editor in 0.92 ms, found 0 plugins.
Preloading 0 native plugins for Editor in 0.00 ms.
Mono: successfully reloaded assembly
- Completed reload, in  1.173 seconds
Platform modules already initialized, skipping
Refreshing native plugins compatible for Editor in 0.29 ms, found 0 plugins.
Preloading 0 native plugins for Editor in 0.00 ms.
Unloading 1121 Unused Serialized files (Serialized files now loaded: 0)
System memory in use before: 77.5 MB.
System memory in use after: 77.5 MB.

Unloading 5 unused Assets to reduce memory usage. Loaded Objects now: 1631.
Total: 12.166500 ms (FindLiveObjects: 2.127200 ms CreateObjectMapping: 0.752400 ms MarkObjects: 9.156100 ms  DeleteObjects: 0.124900 ms)

========================================================================
Received Import Request.
  Time since last request: 213.970062 seconds.
  path: Assets/Scripts/CreatePointsOnSphere.cs
  artifactKey: Guid(2451da09f61e95b44b81ce46bee81564) Importer(815301076,1909f56bfc062723c751e8b465ee728b)
Start importing Assets/Scripts/CreatePointsOnSphere.cs using Guid(2451da09f61e95b44b81ce46bee81564) Importer(815301076,1909f56bfc062723c751e8b465ee728b)  -> (artifact id: '66cbb106e3b686594dfb646616ccb63d') in 0.039831 seconds
  Import took 0.043656 seconds .

========================================================================
Received Import Request.
  Time since last request: 0.000208 seconds.
  path: Assets/Scripts/CreateNewObject.cs
  artifactKey: Guid(20bac4291524a704e9ed7b65413d8328) Importer(815301076,1909f56bfc062723c751e8b465ee728b)
Start importing Assets/Scripts/CreateNewObject.cs using Guid(20bac4291524a704e9ed7b65413d8328) Importer(815301076,1909f56bfc062723c751e8b465ee728b)  -> (artifact id: '893507c0db23c4ddcf4b7e6f7f22d077') in 0.028045 seconds
  Import took 0.031493 seconds .

========================================================================
Received Prepare
Registering precompiled user dll's ...
Registered in 0.000826 seconds.
Begin MonoManager ReloadAssembly
Native extension for WindowsStandalone target not found
Native extension for WebGL target not found
Refreshing native plugins compatible for Editor in 0.22 ms, found 0 plugins.
Preloading 0 native plugins for Editor in 0.00 ms.
Mono: successfully reloaded assembly
- Completed reload, in  1.097 seconds
Platform modules already initialized, skipping
Refreshing native plugins compatible for Editor in 0.21 ms, found 0 plugins.
Preloading 0 native plugins for Editor in 0.00 ms.
Unloading 1121 Unused Serialized files (Serialized files now loaded: 0)
System memory in use before: 77.5 MB.
System memory in use after: 77.5 MB.

Unloading 5 unused Assets to reduce memory usage. Loaded Objects now: 1634.
Total: 2.362100 ms (FindLiveObjects: 0.129900 ms CreateObjectMapping: 0.033800 ms MarkObjects: 1.981900 ms  DeleteObjects: 0.214200 ms)

========================================================================
Received Import Request.
  Time since last request: 231.406300 seconds.
  path: Assets/Scripts/CreatePointsOnSphere.cs
  artifactKey: Guid(2451da09f61e95b44b81ce46bee81564) Importer(815301076,1909f56bfc062723c751e8b465ee728b)
Start importing Assets/Scripts/CreatePointsOnSphere.cs using Guid(2451da09f61e95b44b81ce46bee81564) Importer(815301076,1909f56bfc062723c751e8b465ee728b)  -> (artifact id: '977195c07ed9b3e03377d9dd667c6bd6') in 0.028610 seconds
  Import took 0.030993 seconds .

========================================================================
Received Prepare
Registering precompiled user dll's ...
Registered in 0.001736 seconds.
Begin MonoManager ReloadAssembly
Native extension for WindowsStandalone target not found
Native extension for WebGL target not found
Refreshing native plugins compatible for Editor in 0.36 ms, found 0 plugins.
Preloading 0 native plugins for Editor in 0.00 ms.
Mono: successfully reloaded assembly
- Completed reload, in  1.050 seconds
Platform modules already initialized, skipping
Refreshing native plugins compatible for Editor in 0.27 ms, found 0 plugins.
Preloading 0 native plugins for Editor in 0.00 ms.
Unloading 1121 Unused Serialized files (Serialized files now loaded: 0)
System memory in use before: 77.5 MB.
System memory in use after: 77.5 MB.

Unloading 5 unused Assets to reduce memory usage. Loaded Objects now: 1637.
Total: 2.387400 ms (FindLiveObjects: 0.297400 ms CreateObjectMapping: 0.082900 ms MarkObjects: 1.903000 ms  DeleteObjects: 0.102300 ms)

========================================================================
Received Import Request.
  Time since last request: 428.853466 seconds.
  path: Assets/Scripts/MoveParticle.cs
  artifactKey: Guid(e633a0ea2400c7f45a363806deec41ed) Importer(815301076,1909f56bfc062723c751e8b465ee728b)
Start importing Assets/Scripts/MoveParticle.cs using Guid(e633a0ea2400c7f45a363806deec41ed) Importer(815301076,1909f56bfc062723c751e8b465ee728b)  -> (artifact id: 'fc7547d79facc7bbec380e2b71c54d6a') in 0.031242 seconds
  Import took 0.033246 seconds .

========================================================================
Received Import Request.
  Time since last request: 0.000293 seconds.
  path: Assets/Scripts/ObjectAttributes.cs
  artifactKey: Guid(a6d76ce5c2fdaa440bc0d4b467fb9e31) Importer(815301076,1909f56bfc062723c751e8b465ee728b)
Start importing Assets/Scripts/ObjectAttributes.cs using Guid(a6d76ce5c2fdaa440bc0d4b467fb9e31) Importer(815301076,1909f56bfc062723c751e8b465ee728b)  -> (artifact id: '1c4c50a4f84e4ef669548851ae668fbf') in 0.032705 seconds
  Import took 0.034597 seconds .

========================================================================
Received Prepare
Registering precompiled user dll's ...
Registered in 0.001658 seconds.
Begin MonoManager ReloadAssembly
Native extension for WindowsStandalone target not found
Native extension for WebGL target not found
Refreshing native plugins compatible for Editor in 0.30 ms, found 0 plugins.
Preloading 0 native plugins for Editor in 0.00 ms.
Mono: successfully reloaded assembly
- Completed reload, in  1.140 seconds
Platform modules already initialized, skipping
Refreshing native plugins compatible for Editor in 0.20 ms, found 0 plugins.
Preloading 0 native plugins for Editor in 0.00 ms.
Unloading 1121 Unused Serialized files (Serialized files now loaded: 0)
System memory in use before: 77.5 MB.
System memory in use after: 77.5 MB.

Unloading 5 unused Assets to reduce memory usage. Loaded Objects now: 1640.
Total: 2.328800 ms (FindLiveObjects: 0.194800 ms CreateObjectMapping: 0.045900 ms MarkObjects: 2.013200 ms  DeleteObjects: 0.073400 ms)

========================================================================
Received Import Request.
  Time since last request: 155.888575 seconds.
  path: Assets/Scripts/ObjectAttributes.cs
  artifactKey: Guid(a6d76ce5c2fdaa440bc0d4b467fb9e31) Importer(815301076,1909f56bfc062723c751e8b465ee728b)
Start importing Assets/Scripts/ObjectAttributes.cs using Guid(a6d76ce5c2fdaa440bc0d4b467fb9e31) Importer(815301076,1909f56bfc062723c751e8b465ee728b)  -> (artifact id: '7ef4cb1a350182899cc6c89a16693b30') in 0.041048 seconds
  Import took 0.044475 seconds .

========================================================================
Received Prepare
Registering precompiled user dll's ...
Registered in 0.000849 seconds.
Begin MonoManager ReloadAssembly
Native extension for WindowsStandalone target not found
Native extension for WebGL target not found
Refreshing native plugins compatible for Editor in 0.25 ms, found 0 plugins.
Preloading 0 native plugins for Editor in 0.00 ms.
Mono: successfully reloaded assembly
- Completed reload, in  1.005 seconds
Platform modules already initialized, skipping
Refreshing native plugins compatible for Editor in 0.34 ms, found 0 plugins.
Preloading 0 native plugins for Editor in 0.00 ms.
Unloading 1121 Unused Serialized files (Serialized files now loaded: 0)
System memory in use before: 77.5 MB.
System memory in use after: 77.6 MB.

Unloading 5 unused Assets to reduce memory usage. Loaded Objects now: 1643.
Total: 1.836600 ms (FindLiveObjects: 0.162600 ms CreateObjectMapping: 0.048400 ms MarkObjects: 1.501100 ms  DeleteObjects: 0.123400 ms)

========================================================================
Received Import Request.
  Time since last request: 78.878207 seconds.
  path: Assets/Scripts/ObjectAttributes.cs
  artifactKey: Guid(a6d76ce5c2fdaa440bc0d4b467fb9e31) Importer(815301076,1909f56bfc062723c751e8b465ee728b)
Start importing Assets/Scripts/ObjectAttributes.cs using Guid(a6d76ce5c2fdaa440bc0d4b467fb9e31) Importer(815301076,1909f56bfc062723c751e8b465ee728b)  -> (artifact id: '46292a196f9b7cfda87fd15239d6820f') in 0.036185 seconds
  Import took 0.038833 seconds .

========================================================================
Received Import Request.
  Time since last request: 0.536696 seconds.
  path: Assets/Scripts/OtherCreatePointsOnSphere.cs
  artifactKey: Guid(1adc9c718a6cc1e4f83a5ffd62210a03) Importer(815301076,1909f56bfc062723c751e8b465ee728b)
Start importing Assets/Scripts/OtherCreatePointsOnSphere.cs using Guid(1adc9c718a6cc1e4f83a5ffd62210a03) Importer(815301076,1909f56bfc062723c751e8b465ee728b)  -> (artifact id: '404442cd3ffa09b97f27abf2bd61f6cc') in 0.032645 seconds
  Import took 0.035087 seconds .

========================================================================
Received Prepare
Registering precompiled user dll's ...
Registered in 0.000934 seconds.
Begin MonoManager ReloadAssembly
Native extension for WindowsStandalone target not found
Native extension for WebGL target not found
Refreshing native plugins compatible for Editor in 0.28 ms, found 0 plugins.
Preloading 0 native plugins for Editor in 0.00 ms.
Mono: successfully reloaded assembly
- Completed reload, in  1.032 seconds
Platform modules already initialized, skipping
Refreshing native plugins compatible for Editor in 0.20 ms, found 0 plugins.
Preloading 0 native plugins for Editor in 0.00 ms.
Unloading 1121 Unused Serialized files (Serialized files now loaded: 0)
System memory in use before: 77.5 MB.
System memory in use after: 77.6 MB.

Unloading 5 unused Assets to reduce memory usage. Loaded Objects now: 1646.
Total: 1.802000 ms (FindLiveObjects: 0.133400 ms CreateObjectMapping: 0.033900 ms MarkObjects: 1.556600 ms  DeleteObjects: 0.076400 ms)

========================================================================
Received Import Request.
  Time since last request: 166.870533 seconds.
  path: Assets/Scripts/OtherCreatePointsOnSphere.cs
  artifactKey: Guid(1adc9c718a6cc1e4f83a5ffd62210a03) Importer(815301076,1909f56bfc062723c751e8b465ee728b)
Start importing Assets/Scripts/OtherCreatePointsOnSphere.cs using Guid(1adc9c718a6cc1e4f83a5ffd62210a03) Importer(815301076,1909f56bfc062723c751e8b465ee728b)  -> (artifact id: 'b382cab2c8c5266b0162264040891c04') in 0.030680 seconds
  Import took 0.034869 seconds .

========================================================================
Received Prepare
Registering precompiled user dll's ...
Registered in 0.000806 seconds.
Begin MonoManager ReloadAssembly
Native extension for WindowsStandalone target not found
Native extension for WebGL target not found
Refreshing native plugins compatible for Editor in 0.23 ms, found 0 plugins.
Preloading 0 native plugins for Editor in 0.00 ms.
Mono: successfully reloaded assembly
- Completed reload, in  0.992 seconds
Platform modules already initialized, skipping
Refreshing native plugins compatible for Editor in 0.21 ms, found 0 plugins.
Preloading 0 native plugins for Editor in 0.00 ms.
Unloading 1121 Unused Serialized files (Serialized files now loaded: 0)
System memory in use before: 77.5 MB.
System memory in use after: 77.6 MB.

Unloading 5 unused Assets to reduce memory usage. Loaded Objects now: 1649.
Total: 2.014300 ms (FindLiveObjects: 0.131400 ms CreateObjectMapping: 0.035100 ms MarkObjects: 1.772500 ms  DeleteObjects: 0.073900 ms)

========================================================================
Received Import Request.
  Time since last request: 69.069769 seconds.
  path: Assets/Scripts/OtherMoveParticle.cs
  artifactKey: Guid(0fd4b1f028943c34b955a7fdf37a250a) Importer(815301076,1909f56bfc062723c751e8b465ee728b)
Start importing Assets/Scripts/OtherMoveParticle.cs using Guid(0fd4b1f028943c34b955a7fdf37a250a) Importer(815301076,1909f56bfc062723c751e8b465ee728b)  -> (artifact id: '1bae1b22217fe34512e78c2622cc152e') in 0.045905 seconds
  Import took 0.048757 seconds .

========================================================================
Received Prepare
Registering precompiled user dll's ...
Registered in 0.001102 seconds.
Begin MonoManager ReloadAssembly
Native extension for WindowsStandalone target not found
Native extension for WebGL target not found
Refreshing native plugins compatible for Editor in 0.27 ms, found 0 plugins.
Preloading 0 native plugins for Editor in 0.00 ms.
Mono: successfully reloaded assembly
- Completed reload, in  0.998 seconds
Platform modules already initialized, skipping
Refreshing native plugins compatible for Editor in 0.22 ms, found 0 plugins.
Preloading 0 native plugins for Editor in 0.00 ms.
Unloading 1121 Unused Serialized files (Serialized files now loaded: 0)
System memory in use before: 77.5 MB.
System memory in use after: 77.6 MB.

Unloading 5 unused Assets to reduce memory usage. Loaded Objects now: 1652.
Total: 2.744100 ms (FindLiveObjects: 0.303100 ms CreateObjectMapping: 0.071600 ms MarkObjects: 2.289600 ms  DeleteObjects: 0.078000 ms)

========================================================================
Received Import Request.
  Time since last request: 300.045112 seconds.
  path: Assets/Scripts/StartDrawing.cs
  artifactKey: Guid(02a22598acc143545975b5e026e77f60) Importer(815301076,1909f56bfc062723c751e8b465ee728b)
Start importing Assets/Scripts/StartDrawing.cs using Guid(02a22598acc143545975b5e026e77f60) Importer(815301076,1909f56bfc062723c751e8b465ee728b)  -> (artifact id: 'b3304a1a1ebf3662b22bd172cfd5f2d0') in 0.042797 seconds
  Import took 0.045415 seconds .

========================================================================
Received Prepare
Registering precompiled user dll's ...
Registered in 0.000793 seconds.
Begin MonoManager ReloadAssembly
Native extension for WindowsStandalone target not found
Native extension for WebGL target not found
Refreshing native plugins compatible for Editor in 0.26 ms, found 0 plugins.
Preloading 0 native plugins for Editor in 0.00 ms.
Mono: successfully reloaded assembly
- Completed reload, in  1.103 seconds
Platform modules already initialized, skipping
Refreshing native plugins compatible for Editor in 0.23 ms, found 0 plugins.
Preloading 0 native plugins for Editor in 0.00 ms.
Unloading 1121 Unused Serialized files (Serialized files now loaded: 0)
System memory in use before: 77.5 MB.
System memory in use after: 77.6 MB.

Unloading 5 unused Assets to reduce memory usage. Loaded Objects now: 1655.
Total: 2.489800 ms (FindLiveObjects: 0.375900 ms CreateObjectMapping: 0.055400 ms MarkObjects: 1.980200 ms  DeleteObjects: 0.076700 ms)

========================================================================
Received Import Request.
  Time since last request: 119.041394 seconds.
  path: Assets/Scripts/StartSystem.cs
  artifactKey: Guid(9473413657b3a5642be31d56cc0bc61c) Importer(815301076,1909f56bfc062723c751e8b465ee728b)
Start importing Assets/Scripts/StartSystem.cs using Guid(9473413657b3a5642be31d56cc0bc61c) Importer(815301076,1909f56bfc062723c751e8b465ee728b)  -> (artifact id: '3a0e62280ecdf3c360f4bc711701e5f5') in 0.029102 seconds
  Import took 0.032336 seconds .

========================================================================
Received Prepare
Registering precompiled user dll's ...
Registered in 0.000861 seconds.
Begin MonoManager ReloadAssembly
Native extension for WindowsStandalone target not found
Native extension for WebGL target not found
Refreshing native plugins compatible for Editor in 0.26 ms, found 0 plugins.
Preloading 0 native plugins for Editor in 0.00 ms.
Mono: successfully reloaded assembly
- Completed reload, in  1.098 seconds
Platform modules already initialized, skipping
Refreshing native plugins compatible for Editor in 0.20 ms, found 0 plugins.
Preloading 0 native plugins for Editor in 0.00 ms.
Unloading 1121 Unused Serialized files (Serialized files now loaded: 0)
System memory in use before: 77.5 MB.
System memory in use after: 77.6 MB.

Unloading 5 unused Assets to reduce memory usage. Loaded Objects now: 1658.
Total: 2.169700 ms (FindLiveObjects: 0.239300 ms CreateObjectMapping: 0.051200 ms MarkObjects: 1.803700 ms  DeleteObjects: 0.074400 ms)

========================================================================
Received Import Request.
  Time since last request: 147.748599 seconds.
  path: Assets/Scripts/StartSystem.cs
  artifactKey: Guid(9473413657b3a5642be31d56cc0bc61c) Importer(815301076,1909f56bfc062723c751e8b465ee728b)
Start importing Assets/Scripts/StartSystem.cs using Guid(9473413657b3a5642be31d56cc0bc61c) Importer(815301076,1909f56bfc062723c751e8b465ee728b)  -> (artifact id: 'ae5d68d0271a454ed8a6c3ed4d8efdf3') in 0.029039 seconds
  Import took 0.031127 seconds .

========================================================================
Received Prepare
Registering precompiled user dll's ...
Registered in 0.001223 seconds.
Begin MonoManager ReloadAssembly
Native extension for WindowsStandalone target not found
Native extension for WebGL target not found
Refreshing native plugins compatible for Editor in 0.47 ms, found 0 plugins.
Preloading 0 native plugins for Editor in 0.00 ms.
Mono: successfully reloaded assembly
- Completed reload, in  2.122 seconds
Platform modules already initialized, skipping
Refreshing native plugins compatible for Editor in 0.25 ms, found 0 plugins.
Preloading 0 native plugins for Editor in 0.00 ms.
Unloading 1121 Unused Serialized files (Serialized files now loaded: 0)
System memory in use before: 77.5 MB.
System memory in use after: 77.6 MB.

Unloading 5 unused Assets to reduce memory usage. Loaded Objects now: 1661.
Total: 1.904400 ms (FindLiveObjects: 0.188200 ms CreateObjectMapping: 0.044400 ms MarkObjects: 1.587500 ms  DeleteObjects: 0.082900 ms)

========================================================================
Received Prepare
Registering precompiled user dll's ...
Registered in 0.001274 seconds.
Begin MonoManager ReloadAssembly
Native extension for WindowsStandalone target not found
Native extension for WebGL target not found
Refreshing native plugins compatible for Editor in 0.24 ms, found 0 plugins.
Preloading 0 native plugins for Editor in 0.00 ms.
Mono: successfully reloaded assembly
- Completed reload, in  1.082 seconds
Platform modules already initialized, skipping
Refreshing native plugins compatible for Editor in 0.24 ms, found 0 plugins.
Preloading 0 native plugins for Editor in 0.00 ms.
Unloading 1121 Unused Serialized files (Serialized files now loaded: 0)
System memory in use before: 77.5 MB.
System memory in use after: 77.6 MB.

Unloading 5 unused Assets to reduce memory usage. Loaded Objects now: 1664.
Total: 1.907000 ms (FindLiveObjects: 0.161100 ms CreateObjectMapping: 0.044100 ms MarkObjects: 1.628700 ms  DeleteObjects: 0.071900 ms)

========================================================================
Received Prepare
Refreshing native plugins compatible for Editor in 0.92 ms, found 0 plugins.
Preloading 0 native plugins for Editor in 0.00 ms.
Unloading 3 Unused Serialized files (Serialized files now loaded: 0)
System memory in use before: 55.0 MB.
System memory in use after: 55.0 MB.

Unloading 3 unused Assets to reduce memory usage. Loaded Objects now: 1664.
Total: 2.120100 ms (FindLiveObjects: 0.210600 ms CreateObjectMapping: 0.054000 ms MarkObjects: 1.775000 ms  DeleteObjects: 0.078600 ms)

========================================================================
Received Prepare
Registering precompiled user dll's ...
Registered in 0.001242 seconds.
Begin MonoManager ReloadAssembly
Native extension for WindowsStandalone target not found
Native extension for WebGL target not found
Refreshing native plugins compatible for Editor in 0.27 ms, found 0 plugins.
Preloading 0 native plugins for Editor in 0.00 ms.
Mono: successfully reloaded assembly
- Completed reload, in  1.630 seconds
Platform modules already initialized, skipping
Refreshing native plugins compatible for Editor in 0.25 ms, found 0 plugins.
Preloading 0 native plugins for Editor in 0.00 ms.
Unloading 1121 Unused Serialized files (Serialized files now loaded: 0)
System memory in use before: 77.5 MB.
System memory in use after: 77.6 MB.

Unloading 5 unused Assets to reduce memory usage. Loaded Objects now: 1667.
Total: 3.198800 ms (FindLiveObjects: 0.286900 ms CreateObjectMapping: 0.076300 ms MarkObjects: 2.711100 ms  DeleteObjects: 0.122300 ms)

========================================================================
Received Prepare
Refreshing native plugins compatible for Editor in 1.28 ms, found 0 plugins.
Preloading 0 native plugins for Editor in 0.00 ms.
Unloading 3 Unused Serialized files (Serialized files now loaded: 0)
System memory in use before: 55.0 MB.
System memory in use after: 55.0 MB.

Unloading 3 unused Assets to reduce memory usage. Loaded Objects now: 1667.
Total: 3.208400 ms (FindLiveObjects: 0.294800 ms CreateObjectMapping: 0.080700 ms MarkObjects: 2.721000 ms  DeleteObjects: 0.110200 ms)

========================================================================
Received Prepare
Refreshing native plugins compatible for Editor in 0.95 ms, found 0 plugins.
Preloading 0 native plugins for Editor in 0.00 ms.
Unloading 3 Unused Serialized files (Serialized files now loaded: 0)
System memory in use before: 55.0 MB.
System memory in use after: 55.0 MB.

Unloading 3 unused Assets to reduce memory usage. Loaded Objects now: 1667.
Total: 5.686900 ms (FindLiveObjects: 0.380700 ms CreateObjectMapping: 0.175200 ms MarkObjects: 4.986300 ms  DeleteObjects: 0.142200 ms)

========================================================================
Received Prepare
Registering precompiled user dll's ...
Registered in 0.000950 seconds.
Begin MonoManager ReloadAssembly
Native extension for WindowsStandalone target not found
Native extension for WebGL target not found
Refreshing native plugins compatible for Editor in 0.27 ms, found 0 plugins.
Preloading 0 native plugins for Editor in 0.00 ms.
Mono: successfully reloaded assembly
- Completed reload, in  0.922 seconds
Platform modules already initialized, skipping
Refreshing native plugins compatible for Editor in 0.20 ms, found 0 plugins.
Preloading 0 native plugins for Editor in 0.00 ms.
Unloading 1121 Unused Serialized files (Serialized files now loaded: 0)
System memory in use before: 77.5 MB.
System memory in use after: 77.6 MB.

Unloading 5 unused Assets to reduce memory usage. Loaded Objects now: 1670.
Total: 2.264200 ms (FindLiveObjects: 0.206800 ms CreateObjectMapping: 0.039000 ms MarkObjects: 1.930400 ms  DeleteObjects: 0.086800 ms)

========================================================================
Received Import Request.
  Time since last request: 1048.438691 seconds.
  path: Assets/Scripts/CreateNewObject.cs
  artifactKey: Guid(20bac4291524a704e9ed7b65413d8328) Importer(815301076,1909f56bfc062723c751e8b465ee728b)
Start importing Assets/Scripts/CreateNewObject.cs using Guid(20bac4291524a704e9ed7b65413d8328) Importer(815301076,1909f56bfc062723c751e8b465ee728b)  -> (artifact id: '202bbfcd5cdaccc187c64011e4ab8c68') in 0.031449 seconds
  Import took 0.033372 seconds .

========================================================================
Received Prepare
Refreshing native plugins compatible for Editor in 0.87 ms, found 0 plugins.
Preloading 0 native plugins for Editor in 0.00 ms.
Unloading 3 Unused Serialized files (Serialized files now loaded: 0)
System memory in use before: 55.0 MB.
System memory in use after: 55.1 MB.

Unloading 3 unused Assets to reduce memory usage. Loaded Objects now: 1670.
Total: 2.302300 ms (FindLiveObjects: 0.271800 ms CreateObjectMapping: 0.070300 ms MarkObjects: 1.882400 ms  DeleteObjects: 0.076000 ms)

========================================================================
Received Prepare
Refreshing native plugins compatible for Editor in 0.93 ms, found 0 plugins.
Preloading 0 native plugins for Editor in 0.00 ms.
Unloading 3 Unused Serialized files (Serialized files now loaded: 0)
System memory in use before: 55.0 MB.
System memory in use after: 55.1 MB.

Unloading 3 unused Assets to reduce memory usage. Loaded Objects now: 1670.
Total: 2.234800 ms (FindLiveObjects: 0.203100 ms CreateObjectMapping: 0.054400 ms MarkObjects: 1.893000 ms  DeleteObjects: 0.082600 ms)

========================================================================
Received Import Request.
  Time since last request: 2582.566531 seconds.
  path: Assets/Scripts/KeybordCamera.cs
  artifactKey: Guid(f0096dce15f4acb489cabffd097b739f) Importer(815301076,1909f56bfc062723c751e8b465ee728b)
Start importing Assets/Scripts/KeybordCamera.cs using Guid(f0096dce15f4acb489cabffd097b739f) Importer(815301076,1909f56bfc062723c751e8b465ee728b)  -> (artifact id: '2ec9ba7422c5cb8c66d7d771c0f9f55a') in 0.049266 seconds
  Import took 0.053916 seconds .

========================================================================
Received Prepare
Registering precompiled user dll's ...
Registered in 0.000893 seconds.
Begin MonoManager ReloadAssembly
Native extension for WindowsStandalone target not found
Native extension for WebGL target not found
Refreshing native plugins compatible for Editor in 0.22 ms, found 0 plugins.
Preloading 0 native plugins for Editor in 0.00 ms.
Mono: successfully reloaded assembly
- Completed reload, in  2.792 seconds
Platform modules already initialized, skipping
Refreshing native plugins compatible for Editor in 1.81 ms, found 0 plugins.
Preloading 0 native plugins for Editor in 0.00 ms.
Unloading 1122 Unused Serialized files (Serialized files now loaded: 0)
System memory in use before: 77.6 MB.
System memory in use after: 77.6 MB.

Unloading 5 unused Assets to reduce memory usage. Loaded Objects now: 1674.
Total: 7.156100 ms (FindLiveObjects: 0.971900 ms CreateObjectMapping: 0.341600 ms MarkObjects: 5.493400 ms  DeleteObjects: 0.342500 ms)

========================================================================
Received Import Request.
  Time since last request: 53.822105 seconds.
  path: Assets/Scripts/KeybordCamera.cs
  artifactKey: Guid(f0096dce15f4acb489cabffd097b739f) Importer(815301076,1909f56bfc062723c751e8b465ee728b)
Start importing Assets/Scripts/KeybordCamera.cs using Guid(f0096dce15f4acb489cabffd097b739f) Importer(815301076,1909f56bfc062723c751e8b465ee728b)  -> (artifact id: '8ca2fe3916aa90c84959e4539efb6b39') in 0.203362 seconds
  Import took 0.213581 seconds .

========================================================================
Received Prepare
Registering precompiled user dll's ...
Registered in 0.001551 seconds.
Begin MonoManager ReloadAssembly
Native extension for WindowsStandalone target not found
Native extension for WebGL target not found
Refreshing native plugins compatible for Editor in 0.23 ms, found 0 plugins.
Preloading 0 native plugins for Editor in 0.00 ms.
Mono: successfully reloaded assembly
- Completed reload, in  1.083 seconds
Platform modules already initialized, skipping
Refreshing native plugins compatible for Editor in 0.30 ms, found 0 plugins.
Preloading 0 native plugins for Editor in 0.00 ms.
Unloading 1122 Unused Serialized files (Serialized files now loaded: 0)
System memory in use before: 77.6 MB.
System memory in use after: 77.6 MB.

Unloading 5 unused Assets to reduce memory usage. Loaded Objects now: 1677.
Total: 1.901900 ms (FindLiveObjects: 0.159000 ms CreateObjectMapping: 0.048800 ms MarkObjects: 1.616600 ms  DeleteObjects: 0.076300 ms)

========================================================================
Received Prepare
Registering precompiled user dll's ...
Registered in 0.000795 seconds.
Begin MonoManager ReloadAssembly
Native extension for WindowsStandalone target not found
Native extension for WebGL target not found
Refreshing native plugins compatible for Editor in 0.23 ms, found 0 plugins.
Preloading 0 native plugins for Editor in 0.00 ms.
Mono: successfully reloaded assembly
- Completed reload, in  1.039 seconds
Platform modules already initialized, skipping
Refreshing native plugins compatible for Editor in 0.20 ms, found 0 plugins.
Preloading 0 native plugins for Editor in 0.00 ms.
Unloading 1121 Unused Serialized files (Serialized files now loaded: 0)
System memory in use before: 77.6 MB.
System memory in use after: 77.6 MB.

Unloading 6 unused Assets to reduce memory usage. Loaded Objects now: 1679.
Total: 2.197000 ms (FindLiveObjects: 0.214300 ms CreateObjectMapping: 0.045300 ms MarkObjects: 1.857600 ms  DeleteObjects: 0.078400 ms)

========================================================================
Received Prepare
Registering precompiled user dll's ...
Registered in 0.001006 seconds.
Begin MonoManager ReloadAssembly
Native extension for WindowsStandalone target not found
Native extension for WebGL target not found
Refreshing native plugins compatible for Editor in 0.23 ms, found 0 plugins.
Preloading 0 native plugins for Editor in 0.00 ms.
Mono: successfully reloaded assembly
- Completed reload, in  0.887 seconds
Platform modules already initialized, skipping
Refreshing native plugins compatible for Editor in 0.36 ms, found 0 plugins.
Preloading 0 native plugins for Editor in 0.00 ms.
Unloading 1121 Unused Serialized files (Serialized files now loaded: 0)
System memory in use before: 77.6 MB.
System memory in use after: 77.6 MB.

Unloading 5 unused Assets to reduce memory usage. Loaded Objects now: 1682.
Total: 2.457000 ms (FindLiveObjects: 0.180700 ms CreateObjectMapping: 0.043900 ms MarkObjects: 2.146800 ms  DeleteObjects: 0.083900 ms)

========================================================================
Received Prepare
Refreshing native plugins compatible for Editor in 1.01 ms, found 0 plugins.
Preloading 0 native plugins for Editor in 0.00 ms.
Unloading 3 Unused Serialized files (Serialized files now loaded: 0)
System memory in use before: 55.0 MB.
System memory in use after: 55.1 MB.

Unloading 3 unused Assets to reduce memory usage. Loaded Objects now: 1682.
Total: 3.693100 ms (FindLiveObjects: 0.517300 ms CreateObjectMapping: 0.108300 ms MarkObjects: 2.983400 ms  DeleteObjects: 0.082400 ms)

========================================================================
Received Prepare
Registering precompiled user dll's ...
Registered in 0.001368 seconds.
Begin MonoManager ReloadAssembly
Native extension for WindowsStandalone target not found
Native extension for WebGL target not found
Refreshing native plugins compatible for Editor in 0.21 ms, found 0 plugins.
Preloading 0 native plugins for Editor in 0.00 ms.
Mono: successfully reloaded assembly
- Completed reload, in  0.997 seconds
Platform modules already initialized, skipping
Refreshing native plugins compatible for Editor in 0.24 ms, found 0 plugins.
Preloading 0 native plugins for Editor in 0.00 ms.
Unloading 1121 Unused Serialized files (Serialized files now loaded: 0)
System memory in use before: 77.6 MB.
System memory in use after: 77.6 MB.

Unloading 5 unused Assets to reduce memory usage. Loaded Objects now: 1685.
Total: 2.520700 ms (FindLiveObjects: 0.220300 ms CreateObjectMapping: 0.137800 ms MarkObjects: 2.076600 ms  DeleteObjects: 0.084100 ms)

========================================================================
Received Prepare
Refreshing native plugins compatible for Editor in 0.85 ms, found 0 plugins.
Preloading 0 native plugins for Editor in 0.00 ms.
Unloading 3 Unused Serialized files (Serialized files now loaded: 0)
System memory in use before: 55.0 MB.
System memory in use after: 55.1 MB.

Unloading 3 unused Assets to reduce memory usage. Loaded Objects now: 1685.
Total: 3.895000 ms (FindLiveObjects: 1.035400 ms CreateObjectMapping: 0.249900 ms MarkObjects: 2.502300 ms  DeleteObjects: 0.104500 ms)

========================================================================
Received Prepare
Registering precompiled user dll's ...
Registered in 0.001041 seconds.
Begin MonoManager ReloadAssembly
Native extension for WindowsStandalone target not found
Native extension for WebGL target not found
Refreshing native plugins compatible for Editor in 0.29 ms, found 0 plugins.
Preloading 0 native plugins for Editor in 0.00 ms.
Mono: successfully reloaded assembly
- Completed reload, in  1.965 seconds
Platform modules already initialized, skipping
Refreshing native plugins compatible for Editor in 0.23 ms, found 0 plugins.
Preloading 0 native plugins for Editor in 0.00 ms.
Unloading 1121 Unused Serialized files (Serialized files now loaded: 0)
System memory in use before: 77.6 MB.
System memory in use after: 77.6 MB.

Unloading 5 unused Assets to reduce memory usage. Loaded Objects now: 1688.
Total: 2.750600 ms (FindLiveObjects: 0.158100 ms CreateObjectMapping: 0.047900 ms MarkObjects: 2.440500 ms  DeleteObjects: 0.102800 ms)

========================================================================
Received Prepare
Refreshing native plugins compatible for Editor in 1.06 ms, found 0 plugins.
Preloading 0 native plugins for Editor in 0.00 ms.
Unloading 3 Unused Serialized files (Serialized files now loaded: 0)
System memory in use before: 55.0 MB.
System memory in use after: 55.1 MB.

Unloading 3 unused Assets to reduce memory usage. Loaded Objects now: 1688.
Total: 2.690000 ms (FindLiveObjects: 0.181700 ms CreateObjectMapping: 0.051700 ms MarkObjects: 2.355200 ms  DeleteObjects: 0.099400 ms)

AssetImportWorkerClient::OnTransportError - code=2 error=End of file
